Using pre-set license
Built from '2020.3/staging' branch; Version is '2020.3.18f1 (a7d1c678663c) revision 10998214'; Using compiler version '192528614'; Build Type 'Release'
OS: 'Windows 10 Home; OS build 19042.1348; Version 2009; 64bit' Language: 'pt' Physical Memory: 16234 MB
BatchMode: 1, IsHumanControllingUs: 0, StartBugReporterOnCrash: 0, Is64bit: 1, IsPro: 0

COMMAND LINE ARGUMENTS:
C:\Program Files\Unity\Hub\Editor\2020.3.18f1\Editor\Unity.exe
-adb2
-batchMode
-noUpm
-name
AssetImportWorker0
-projectPath
C:/Users/genga/OneDrive/Documentos/Faculdade/PBCJ/UFABC_Unity/Projeto_Final
-logFile
Logs/AssetImportWorker0.log
-srvPort
52737
Successfully changed project path to: C:/Users/genga/OneDrive/Documentos/Faculdade/PBCJ/UFABC_Unity/Projeto_Final
C:/Users/genga/OneDrive/Documentos/Faculdade/PBCJ/UFABC_Unity/Projeto_Final
Using Asset Import Pipeline V2.
Refreshing native plugins compatible for Editor in 58.44 ms, found 3 plugins.
Preloading 0 native plugins for Editor in 0.00 ms.
Initialize engine version: 2020.3.18f1 (a7d1c678663c)
[Subsystems] Discovering subsystems at path C:/Program Files/Unity/Hub/Editor/2020.3.18f1/Editor/Data/Resources/UnitySubsystems
[Subsystems] Discovering subsystems at path C:/Users/genga/OneDrive/Documentos/Faculdade/PBCJ/UFABC_Unity/Projeto_Final/Assets
GfxDevice: creating device client; threaded=0
Direct3D:
    Version:  Direct3D 11.0 [level 11.1]
    Renderer: NVIDIA GeForce GTX 1060 (ID=0x1c20)
    Vendor:   
    VRAM:     2987 MB
    Driver:   27.21.14.5763
Initialize mono
Mono path[0] = 'C:/Program Files/Unity/Hub/Editor/2020.3.18f1/Editor/Data/Managed'
Mono path[1] = 'C:/Program Files/Unity/Hub/Editor/2020.3.18f1/Editor/Data/MonoBleedingEdge/lib/mono/unityjit'
Mono config path = 'C:/Program Files/Unity/Hub/Editor/2020.3.18f1/Editor/Data/MonoBleedingEdge/etc'
Using monoOptions --debugger-agent=transport=dt_socket,embedding=1,server=y,suspend=n,address=127.0.0.1:56856
Begin MonoManager ReloadAssembly
Registering precompiled unity dll's ...
Register platform support module: C:/Program Files/Unity/Hub/Editor/2020.3.18f1/Editor/Data/PlaybackEngines/WebGLSupport/UnityEditor.WebGL.Extensions.dll
Register platform support module: C:/Program Files/Unity/Hub/Editor/2020.3.18f1/Editor/Data/PlaybackEngines/MacStandaloneSupport/UnityEditor.OSXStandalone.Extensions.dll
Register platform support module: C:/Program Files/Unity/Hub/Editor/2020.3.18f1/Editor/Data/PlaybackEngines/WindowsStandaloneSupport/UnityEditor.WindowsStandalone.Extensions.dll
Register platform support module: C:/Program Files/Unity/Hub/Editor/2020.3.18f1/Editor/Data/PlaybackEngines/LinuxStandaloneSupport/UnityEditor.LinuxStandalone.Extensions.dll
Register platform support module: C:/Program Files/Unity/Hub/Editor/2020.3.18f1/Editor/Data/PlaybackEngines/LuminSupport/UnityEditor.Lumin.Extensions.dll
Registered in 0.003940 seconds.
Native extension for Lumin target not found
Native extension for LinuxStandalone target not found
Native extension for WindowsStandalone target not found
Native extension for OSXStandalone target not found
Native extension for WebGL target not found
Refreshing native plugins compatible for Editor in 53.12 ms, found 3 plugins.
Preloading 0 native plugins for Editor in 0.00 ms.
Mono: successfully reloaded assembly
- Completed reload, in  2.197 seconds
Domain Reload Profiling:
	ReloadAssembly (2197ms)
		BeginReloadAssembly (59ms)
			ExecutionOrderSort (0ms)
			DisableScriptedObjects (0ms)
			BackupInstance (0ms)
			ReleaseScriptingObjects (0ms)
			CreateAndSetChildDomain (1ms)
		EndReloadAssembly (463ms)
			LoadAssemblies (58ms)
			RebuildTransferFunctionScriptingTraits (0ms)
			SetupTypeCache (170ms)
			ReleaseScriptCaches (0ms)
			RebuildScriptCaches (34ms)
			SetupLoadedEditorAssemblies (181ms)
				LogAssemblyErrors (0ms)
				InitializePlatformSupportModulesInManaged (7ms)
				SetLoadedEditorAssemblies (0ms)
				RefreshPlugins (53ms)
				BeforeProcessingInitializeOnLoad (9ms)
				ProcessInitializeOnLoadAttributes (82ms)
				ProcessInitializeOnLoadMethodAttributes (29ms)
				AfterProcessingInitializeOnLoad (0ms)
				EditorAssembliesLoaded (0ms)
			ExecutionOrderSort2 (0ms)
			AwakeInstancesAfterBackupRestoration (0ms)
Platform modules already initialized, skipping
Registering precompiled user dll's ...
Registered in 0.003950 seconds.
Begin MonoManager ReloadAssembly
Native extension for Lumin target not found
Native extension for LinuxStandalone target not found
Native extension for WindowsStandalone target not found
Native extension for OSXStandalone target not found
Native extension for WebGL target not found
Refreshing native plugins compatible for Editor in 54.00 ms, found 3 plugins.
Preloading 0 native plugins for Editor in 0.00 ms.
Mono: successfully reloaded assembly
- Completed reload, in  1.197 seconds
Domain Reload Profiling:
	ReloadAssembly (1198ms)
		BeginReloadAssembly (152ms)
			ExecutionOrderSort (0ms)
			DisableScriptedObjects (5ms)
			BackupInstance (0ms)
			ReleaseScriptingObjects (0ms)
			CreateAndSetChildDomain (22ms)
		EndReloadAssembly (981ms)
			LoadAssemblies (98ms)
			RebuildTransferFunctionScriptingTraits (0ms)
			SetupTypeCache (315ms)
			ReleaseScriptCaches (0ms)
			RebuildScriptCaches (56ms)
			SetupLoadedEditorAssemblies (381ms)
				LogAssemblyErrors (0ms)
				InitializePlatformSupportModulesInManaged (7ms)
				SetLoadedEditorAssemblies (0ms)
				RefreshPlugins (54ms)
				BeforeProcessingInitializeOnLoad (77ms)
				ProcessInitializeOnLoadAttributes (221ms)
				ProcessInitializeOnLoadMethodAttributes (14ms)
				AfterProcessingInitializeOnLoad (7ms)
				EditorAssembliesLoaded (0ms)
			ExecutionOrderSort2 (0ms)
			AwakeInstancesAfterBackupRestoration (7ms)
Platform modules already initialized, skipping
========================================================================
Worker process is ready to serve import requests
Launched and connected shader compiler UnityShaderCompiler.exe after 0.09 seconds
Refreshing native plugins compatible for Editor in 0.55 ms, found 3 plugins.
Preloading 0 native plugins for Editor in 0.00 ms.
Unloading 2262 Unused Serialized files (Serialized files now loaded: 0)
System memory in use before: 99.6 MB.
System memory in use after: 99.7 MB.

Unloading 27 unused Assets to reduce memory usage. Loaded Objects now: 2703.
Total: 3.930700 ms (FindLiveObjects: 0.275700 ms CreateObjectMapping: 0.103000 ms MarkObjects: 3.469700 ms  DeleteObjects: 0.080800 ms)

AssetImportParameters requested are different than current active one (requested -> active):
  custom:framework-win-MediaFoundation: 216162199b28c13a410421893ffa2e32 -> 
  custom:video-decoder-ogg-theora: a1e56fd34408186e4bbccfd4996cb3dc -> 
  custom:container-muxer-webm: aa71ff27fc2769a1b78a27578f13a17b -> 
  custom:container-demuxer-webm: 4f35f7cbe854078d1ac9338744f61a02 -> 
  custom:container-demuxer-ogg: 62fdf1f143b41e24485cea50d1cbac27 -> 
  custom:video-encoder-webm-vp8: eb34c28f22e8b96e1ab97ce403110664 -> 
  custom:video-codec-MediaFoundation-h265: 746d11721c4dcdbdad8f713fa42b33f4 -> 
  custom:video-decoder-webm-vp8: 9c59270c3fd7afecdb556c50c9e8de78 -> 
  custom:audio-decoder-ogg-vorbis: bf7c407c2cedff20999df2af8eb42d56 -> 
  custom:audio-encoder-webm-vorbis: bf7c407c2cedff20999df2af8eb42d56 -> 
========================================================================
Received Import Request.
  path: Assets/Prefabs/Player.prefab
  artifactKey: Guid(bf77d17e2ea81f54ab5436d8c6d5b621) Importer(815301076,1909f56bfc062723c751e8b465ee728b)
Start importing Assets/Prefabs/Player.prefab using Guid(bf77d17e2ea81f54ab5436d8c6d5b621) Importer(815301076,1909f56bfc062723c751e8b465ee728b)  -> (artifact id: '4c7c83b5a5e93cb35926d97dd7c17ca9') in 0.148350 seconds 
  Import took 0.152480 seconds .

========================================================================
Received Import Request.
  Time since last request: 0.000326 seconds.
  path: Assets/Prefabs/NPC.prefab
  artifactKey: Guid(5132d94065b5a4e48806b738f396382b) Importer(815301076,1909f56bfc062723c751e8b465ee728b)
Start importing Assets/Prefabs/NPC.prefab using Guid(5132d94065b5a4e48806b738f396382b) Importer(815301076,1909f56bfc062723c751e8b465ee728b)  -> (artifact id: 'eaa58db0fae755e70f07a50243412e6d') in 0.013401 seconds 
  Import took 0.018387 seconds .

========================================================================
Received Import Request.
  Time since last request: 23.221951 seconds.
  path: Assets/Scripts/CenaPrincipal
  artifactKey: Guid(fa35224e18fd94c458cfd3e93f15f72a) Importer(815301076,1909f56bfc062723c751e8b465ee728b)
Start importing Assets/Scripts/CenaPrincipal using Guid(fa35224e18fd94c458cfd3e93f15f72a) Importer(815301076,1909f56bfc062723c751e8b465ee728b)  -> (artifact id: '6c4c217c3a1b31d3d90abca6fcaa9c60') in 0.009613 seconds 
  Import took 0.014732 seconds .

========================================================================
Received Import Request.
  Time since last request: 1.221032 seconds.
  path: Assets/Scripts/FruitGame
  artifactKey: Guid(2909d8fc16e17e04da1121f907772c86) Importer(815301076,1909f56bfc062723c751e8b465ee728b)
Start importing Assets/Scripts/FruitGame using Guid(2909d8fc16e17e04da1121f907772c86) Importer(815301076,1909f56bfc062723c751e8b465ee728b)  -> (artifact id: 'efdf456ba60c09cf307d0c68e2f9a2fb') in 0.008074 seconds 
  Import took 0.013554 seconds .

========================================================================
Received Import Request.
  Time since last request: 0.001618 seconds.
  path: Assets/Scripts/FruitGame
  artifactKey: Guid(2909d8fc16e17e04da1121f907772c86) Importer(815301076,1909f56bfc062723c751e8b465ee728b)
Start importing Assets/Scripts/FruitGame using Guid(2909d8fc16e17e04da1121f907772c86) Importer(815301076,1909f56bfc062723c751e8b465ee728b)  -> (artifact id: 'efdf456ba60c09cf307d0c68e2f9a2fb') in 0.004644 seconds 
  Import took 0.009651 seconds .

========================================================================
Received Import Request.
  Time since last request: 2.252130 seconds.
  path: Assets/Scripts/CenaPrincipal/MonoBehaviours
  artifactKey: Guid(8ca360132f0d94f42841bdc4a68e2c0f) Importer(815301076,1909f56bfc062723c751e8b465ee728b)
Start importing Assets/Scripts/CenaPrincipal/MonoBehaviours using Guid(8ca360132f0d94f42841bdc4a68e2c0f) Importer(815301076,1909f56bfc062723c751e8b465ee728b)  -> (artifact id: 'f4aea155dcbcbf0f0ef9cbb3d021c7ee') in 0.009578 seconds 
  Import took 0.015011 seconds .

========================================================================
Received Import Request.
  Time since last request: 1.100397 seconds.
  path: Assets/Scripts/CenaPrincipal/MonoBehaviours/ArredondaPosicao.cs
  artifactKey: Guid(875b689ec4c55194bbe8133c25a19eb0) Importer(815301076,1909f56bfc062723c751e8b465ee728b)
Start importing Assets/Scripts/CenaPrincipal/MonoBehaviours/ArredondaPosicao.cs using Guid(875b689ec4c55194bbe8133c25a19eb0) Importer(815301076,1909f56bfc062723c751e8b465ee728b)  -> (artifact id: '45dc22ef6c769bb7b4a0b278d4ec7b01') in 0.020754 seconds 
  Import took 0.025172 seconds .

========================================================================
Received Import Request.
  Time since last request: 0.013392 seconds.
  path: Assets/Scripts/CenaPrincipal/MonoBehaviours/ArredondaPosicao.cs
  artifactKey: Guid(875b689ec4c55194bbe8133c25a19eb0) Importer(815301076,1909f56bfc062723c751e8b465ee728b)
Start importing Assets/Scripts/CenaPrincipal/MonoBehaviours/ArredondaPosicao.cs using Guid(875b689ec4c55194bbe8133c25a19eb0) Importer(815301076,1909f56bfc062723c751e8b465ee728b)  -> (artifact id: '45dc22ef6c769bb7b4a0b278d4ec7b01') in 0.002498 seconds 
  Import took 0.007304 seconds .

========================================================================
Received Import Request.
  Time since last request: 0.490226 seconds.
  path: Assets/Scripts/CenaPrincipal/MonoBehaviours/Dialogue.cs
  artifactKey: Guid(af8c8f78b005b04c8bd0e32f73b1b946) Importer(815301076,1909f56bfc062723c751e8b465ee728b)
Start importing Assets/Scripts/CenaPrincipal/MonoBehaviours/Dialogue.cs using Guid(af8c8f78b005b04c8bd0e32f73b1b946) Importer(815301076,1909f56bfc062723c751e8b465ee728b)  -> (artifact id: '8422d102d215e0d0d3c1cf6041d4a3a8') in 0.007248 seconds 
  Import took 0.011534 seconds .

========================================================================
Received Import Request.
  Time since last request: 0.754826 seconds.
  path: Assets/Scripts/CenaPrincipal/MonoBehaviours/DialogueManager.cs
  artifactKey: Guid(aa11e6be0311ea8d7ab54c58fb75f6d7) Importer(815301076,1909f56bfc062723c751e8b465ee728b)
Start importing Assets/Scripts/CenaPrincipal/MonoBehaviours/DialogueManager.cs using Guid(aa11e6be0311ea8d7ab54c58fb75f6d7) Importer(815301076,1909f56bfc062723c751e8b465ee728b)  -> (artifact id: 'db4f2f5178a864f19a91bb9ae5bf6fb0') in 0.007562 seconds 
  Import took 0.012026 seconds .

========================================================================
Received Prepare
Refreshing native plugins compatible for Editor in 6.95 ms, found 3 plugins.
Preloading 0 native plugins for Editor in 0.00 ms.
Unloading 12 Unused Serialized files (Serialized files now loaded: 0)
System memory in use before: 57.1 MB.
System memory in use after: 57.3 MB.

Unloading 12 unused Assets to reduce memory usage. Loaded Objects now: 2710.
Total: 8.014200 ms (FindLiveObjects: 0.428100 ms CreateObjectMapping: 0.207100 ms MarkObjects: 7.335900 ms  DeleteObjects: 0.041100 ms)

AssetImportParameters requested are different than current active one (requested -> active):
  custom:framework-win-MediaFoundation: 216162199b28c13a410421893ffa2e32 -> 
  custom:video-decoder-ogg-theora: a1e56fd34408186e4bbccfd4996cb3dc -> 
  custom:container-muxer-webm: aa71ff27fc2769a1b78a27578f13a17b -> 
  custom:container-demuxer-webm: 4f35f7cbe854078d1ac9338744f61a02 -> 
  custom:container-demuxer-ogg: 62fdf1f143b41e24485cea50d1cbac27 -> 
  custom:video-encoder-webm-vp8: eb34c28f22e8b96e1ab97ce403110664 -> 
  custom:video-codec-MediaFoundation-h265: 746d11721c4dcdbdad8f713fa42b33f4 -> 
  custom:video-decoder-webm-vp8: 9c59270c3fd7afecdb556c50c9e8de78 -> 
  custom:audio-decoder-ogg-vorbis: bf7c407c2cedff20999df2af8eb42d56 -> 
  custom:audio-encoder-webm-vorbis: bf7c407c2cedff20999df2af8eb42d56 -> 
========================================================================
Received Import Request.
  Time since last request: 172.622121 seconds.
  path: Assets/Imagens/btn_continuar.png
  artifactKey: Guid(3e762cf12d831654788e996013d6ebbb) Importer(815301076,1909f56bfc062723c751e8b465ee728b)
Start importing Assets/Imagens/btn_continuar.png using Guid(3e762cf12d831654788e996013d6ebbb) Importer(815301076,1909f56bfc062723c751e8b465ee728b)  -> (artifact id: '448c15506bd5474b272022b27f662cce') in 0.095890 seconds 
  Import took 0.100824 seconds .

========================================================================
Received Import Request.
  Time since last request: 0.000304 seconds.
  path: Assets/Imagens/btn_reiniciar.png
  artifactKey: Guid(7334e9a5861ce5e499b982cbd8ab485c) Importer(815301076,1909f56bfc062723c751e8b465ee728b)
Start importing Assets/Imagens/btn_reiniciar.png using Guid(7334e9a5861ce5e499b982cbd8ab485c) Importer(815301076,1909f56bfc062723c751e8b465ee728b)  -> (artifact id: '89e8b28e2317821823f265920a0f538f') in 0.024796 seconds 
  Import took 0.029373 seconds .

========================================================================
Received Import Request.
  Time since last request: 0.000364 seconds.
  path: Assets/Imagens/carta_6.png
  artifactKey: Guid(ddebd645d87da9d468b96b1b4178183a) Importer(815301076,1909f56bfc062723c751e8b465ee728b)
Start importing Assets/Imagens/carta_6.png using Guid(ddebd645d87da9d468b96b1b4178183a) Importer(815301076,1909f56bfc062723c751e8b465ee728b)  -> (artifact id: '45e6f7cc51adc2f15a269a0052178c0f') in 0.043696 seconds 
  Import took 0.049759 seconds .

========================================================================
Received Import Request.
  Time since last request: 0.000391 seconds.
  path: Assets/Imagens/creditos.png
  artifactKey: Guid(7a97a7760cc94794e8088be76463eb74) Importer(815301076,1909f56bfc062723c751e8b465ee728b)
Start importing Assets/Imagens/creditos.png using Guid(7a97a7760cc94794e8088be76463eb74) Importer(815301076,1909f56bfc062723c751e8b465ee728b)  -> (artifact id: 'f413ad104d4fc84d02cca621bb1c3de1') in 0.026903 seconds 
  Import took 0.032504 seconds .

========================================================================
Received Import Request.
  Time since last request: 0.000318 seconds.
  path: Assets/Imagens/carta_5.png
  artifactKey: Guid(6209b820f54556949b04c838f26f76de) Importer(815301076,1909f56bfc062723c751e8b465ee728b)
Start importing Assets/Imagens/carta_5.png using Guid(6209b820f54556949b04c838f26f76de) Importer(815301076,1909f56bfc062723c751e8b465ee728b)  -> (artifact id: 'f1442ee218618a9fb0b819f094f3c893') in 0.027318 seconds 
  Import took 0.033378 seconds .

========================================================================
Received Import Request.
  Time since last request: 0.000248 seconds.
  path: Assets/Imagens/carta_3.png
  artifactKey: Guid(e8a3a10c863c59c4bbb63a009f482d5e) Importer(815301076,1909f56bfc062723c751e8b465ee728b)
Start importing Assets/Imagens/carta_3.png using Guid(e8a3a10c863c59c4bbb63a009f482d5e) Importer(815301076,1909f56bfc062723c751e8b465ee728b)  -> (artifact id: '647c260ba93e61ff04e2a158a6e593a3') in 0.029037 seconds 
  Import took 0.036388 seconds .

========================================================================
Received Import Request.
  Time since last request: 0.000323 seconds.
  path: Assets/Imagens/carta_1.png
  artifactKey: Guid(773be5b3211d4d945b09638b37d511c4) Importer(815301076,1909f56bfc062723c751e8b465ee728b)
Start importing Assets/Imagens/carta_1.png using Guid(773be5b3211d4d945b09638b37d511c4) Importer(815301076,1909f56bfc062723c751e8b465ee728b)  -> (artifact id: 'd277a52af7157bbb9f4e4de60e5cb5bf') in 0.034925 seconds 
  Import took 0.041091 seconds .

========================================================================
Received Import Request.
  Time since last request: 0.000278 seconds.
  path: Assets/Imagens/verso.png
  artifactKey: Guid(2724566e6be7b344aaffc60039b63ee7) Importer(815301076,1909f56bfc062723c751e8b465ee728b)
Start importing Assets/Imagens/verso.png using Guid(2724566e6be7b344aaffc60039b63ee7) Importer(815301076,1909f56bfc062723c751e8b465ee728b)  -> (artifact id: '4763b09ee2ba7a96f7016f78586649a8') in 0.026990 seconds 
  Import took 0.033891 seconds .

========================================================================
Received Import Request.
  Time since last request: 0.000331 seconds.
  path: Assets/Imagens/carta_2.png
  artifactKey: Guid(8d1e8f14109aae249bb2dd1f4401668e) Importer(815301076,1909f56bfc062723c751e8b465ee728b)
Start importing Assets/Imagens/carta_2.png using Guid(8d1e8f14109aae249bb2dd1f4401668e) Importer(815301076,1909f56bfc062723c751e8b465ee728b)  -> (artifact id: '1ca4ad289e0379d9b939a9c4804042e0') in 0.029462 seconds 
  Import took 0.034369 seconds .

========================================================================
Received Import Request.
  Time since last request: 0.000268 seconds.
  path: Assets/Imagens/missao_cumprida.png
  artifactKey: Guid(bdb35d798fdebbc48a75f66102b5d309) Importer(815301076,1909f56bfc062723c751e8b465ee728b)
Start importing Assets/Imagens/missao_cumprida.png using Guid(bdb35d798fdebbc48a75f66102b5d309) Importer(815301076,1909f56bfc062723c751e8b465ee728b)  -> (artifact id: '7a310649b770be96b7cf9d3fecc003a5') in 0.029665 seconds 
  Import took 0.034709 seconds .

========================================================================
Received Import Request.
  Time since last request: 0.000263 seconds.
  path: Assets/Imagens/game_over.png
  artifactKey: Guid(3795ff6e3eb8107459a4223d5d763f57) Importer(815301076,1909f56bfc062723c751e8b465ee728b)
Start importing Assets/Imagens/game_over.png using Guid(3795ff6e3eb8107459a4223d5d763f57) Importer(815301076,1909f56bfc062723c751e8b465ee728b)  -> (artifact id: '8a341e867a2a109eed394ab0db514809') in 0.024105 seconds 
  Import took 0.030211 seconds .

========================================================================
Received Import Request.
  Time since last request: 0.000304 seconds.
  path: Assets/Imagens/pagina_inicial.png
  artifactKey: Guid(29240ecfff9c4d54496a0a23403bc1b2) Importer(815301076,1909f56bfc062723c751e8b465ee728b)
Start importing Assets/Imagens/pagina_inicial.png using Guid(29240ecfff9c4d54496a0a23403bc1b2) Importer(815301076,1909f56bfc062723c751e8b465ee728b)  -> (artifact id: 'd67bb76e8783a549fe5b30d22edc95bf') in 0.031656 seconds 
  Import took 0.036198 seconds .

========================================================================
Received Import Request.
  Time since last request: 0.000313 seconds.
  path: Assets/Imagens/btn_start.png
  artifactKey: Guid(e27256722959cc843b808f172b9584f5) Importer(815301076,1909f56bfc062723c751e8b465ee728b)
Start importing Assets/Imagens/btn_start.png using Guid(e27256722959cc843b808f172b9584f5) Importer(815301076,1909f56bfc062723c751e8b465ee728b)  -> (artifact id: '079d78fffe93d31dc2440cdc33be694e') in 0.024980 seconds 
  Import took 0.031169 seconds .

========================================================================
Received Import Request.
  Time since last request: 0.000221 seconds.
  path: Assets/Imagens/carta_4.png
  artifactKey: Guid(8e579b0e8568fa74785eb442ed4e371c) Importer(815301076,1909f56bfc062723c751e8b465ee728b)
Start importing Assets/Imagens/carta_4.png using Guid(8e579b0e8568fa74785eb442ed4e371c) Importer(815301076,1909f56bfc062723c751e8b465ee728b)  -> (artifact id: '262c579f02a189c0e6ad620c37a6d5ac') in 0.034534 seconds 
  Import took 0.040335 seconds .

========================================================================
Received Import Request.
  Time since last request: 0.000242 seconds.
  path: Assets/Imagens/btn_creditos.png
  artifactKey: Guid(376dc7dcc164a724195b448a3bc269ce) Importer(815301076,1909f56bfc062723c751e8b465ee728b)
Start importing Assets/Imagens/btn_creditos.png using Guid(376dc7dcc164a724195b448a3bc269ce) Importer(815301076,1909f56bfc062723c751e8b465ee728b)  -> (artifact id: 'df0f1aab22cedeef1ca4bd191e3d50d9') in 0.028288 seconds 
  Import took 0.033128 seconds .

========================================================================
Received Import Request.
  Time since last request: 0.000215 seconds.
  path: Assets/Imagens/carta_7.png
  artifactKey: Guid(5ecfb9dc8e50bf54da5b0bb2132b2fdb) Importer(815301076,1909f56bfc062723c751e8b465ee728b)
Start importing Assets/Imagens/carta_7.png using Guid(5ecfb9dc8e50bf54da5b0bb2132b2fdb) Importer(815301076,1909f56bfc062723c751e8b465ee728b)  -> (artifact id: '25f1ecfa03cabc7e3d99c558bd687aaa') in 0.032173 seconds 
  Import took 0.036610 seconds .

========================================================================
Received Import Request.
  Time since last request: 0.000212 seconds.
  path: Assets/Imagens/btn_creditos.png
  artifactKey: Guid(376dc7dcc164a724195b448a3bc269ce) Importer(815301076,1909f56bfc062723c751e8b465ee728b)
Start importing Assets/Imagens/btn_creditos.png using Guid(376dc7dcc164a724195b448a3bc269ce) Importer(815301076,1909f56bfc062723c751e8b465ee728b)  -> (artifact id: 'df0f1aab22cedeef1ca4bd191e3d50d9') in 0.021663 seconds 
  Import took 0.027259 seconds .

========================================================================
Received Import Request.
  Time since last request: 3.299183 seconds.
  path: Assets/Materials/Sprite2D.mat
  artifactKey: Guid(472ffca4abcb6a9489d1a982b011843f) Importer(815301076,1909f56bfc062723c751e8b465ee728b)
Start importing Assets/Materials/Sprite2D.mat using Guid(472ffca4abcb6a9489d1a982b011843f) Importer(815301076,1909f56bfc062723c751e8b465ee728b)  -> (artifact id: 'e27df8dad87ce12039bdec37cced2499') in 0.142120 seconds 
  Import took 0.146094 seconds .

========================================================================
Received Import Request.
  Time since last request: 1.519547 seconds.
  path: Assets/Musics/Derrota.mp3
  artifactKey: Guid(346648a0b74c67f4fb4e84b3df75efcf) Importer(815301076,1909f56bfc062723c751e8b465ee728b)
Start importing Assets/Musics/Derrota.mp3 using Guid(346648a0b74c67f4fb4e84b3df75efcf) Importer(815301076,1909f56bfc062723c751e8b465ee728b)  -> (artifact id: '748fe23034a8254bae6833c5177c61a0') in 0.067289 seconds 
  Import took 0.071493 seconds .

========================================================================
Received Import Request.
  Time since last request: 0.000319 seconds.
  path: Assets/Musics/Jogo3.mp3
  artifactKey: Guid(c34eb49cededb6b4b8d0ac809e439c69) Importer(815301076,1909f56bfc062723c751e8b465ee728b)
Start importing Assets/Musics/Jogo3.mp3 using Guid(c34eb49cededb6b4b8d0ac809e439c69) Importer(815301076,1909f56bfc062723c751e8b465ee728b)  -> (artifact id: 'a4d067cae0b53b172c060d5b7f3bd85c') in 0.019776 seconds 
  Import took 0.025568 seconds .

========================================================================
Received Import Request.
  Time since last request: 0.000316 seconds.
  path: Assets/Musics/Jogo2.mp3
  artifactKey: Guid(88a6945ae646d624fa4087dda916ca09) Importer(815301076,1909f56bfc062723c751e8b465ee728b)
Start importing Assets/Musics/Jogo2.mp3 using Guid(88a6945ae646d624fa4087dda916ca09) Importer(815301076,1909f56bfc062723c751e8b465ee728b)  -> (artifact id: 'f500c55a8f377120926a59a90934c0dd') in 0.021454 seconds 
  Import took 0.027862 seconds .

========================================================================
Received Import Request.
  Time since last request: 0.000272 seconds.
  path: Assets/Musics/Jogo1.mp3
  artifactKey: Guid(46e479cd7970ba14784c9f59db39a6c7) Importer(815301076,1909f56bfc062723c751e8b465ee728b)
Start importing Assets/Musics/Jogo1.mp3 using Guid(46e479cd7970ba14784c9f59db39a6c7) Importer(815301076,1909f56bfc062723c751e8b465ee728b)  -> (artifact id: '6352cd8b87d9b365fe29ad7a9406bef6') in 0.022053 seconds 
  Import took 0.028176 seconds .

========================================================================
Received Import Request.
  Time since last request: 0.000393 seconds.
  path: Assets/Musics/Tela inicial.mp3
  artifactKey: Guid(b105daf46dc614e46a5809ab09ed2eca) Importer(815301076,1909f56bfc062723c751e8b465ee728b)
Start importing Assets/Musics/Tela inicial.mp3 using Guid(b105daf46dc614e46a5809ab09ed2eca) Importer(815301076,1909f56bfc062723c751e8b465ee728b)  -> (artifact id: '2bd62e15fb3d566e645e2d3bd30f3da9') in 0.024303 seconds 
  Import took 0.031209 seconds .

========================================================================
Received Import Request.
  Time since last request: 0.000266 seconds.
  path: Assets/Musics/Jogo4.mp3
  artifactKey: Guid(2fceeeee72b3e184293db5b9238c8bb0) Importer(815301076,1909f56bfc062723c751e8b465ee728b)
Start importing Assets/Musics/Jogo4.mp3 using Guid(2fceeeee72b3e184293db5b9238c8bb0) Importer(815301076,1909f56bfc062723c751e8b465ee728b)  -> (artifact id: '0bd9c117d15037e3a086b1a8bcbe982a') in 0.022551 seconds 
  Import took 0.027919 seconds .

========================================================================
Received Import Request.
  Time since last request: 0.000371 seconds.
  path: Assets/Musics/JogoPrincipal.mp3
  artifactKey: Guid(1881ab80370f34e4fb9ae23c83b4e10d) Importer(815301076,1909f56bfc062723c751e8b465ee728b)
Start importing Assets/Musics/JogoPrincipal.mp3 using Guid(1881ab80370f34e4fb9ae23c83b4e10d) Importer(815301076,1909f56bfc062723c751e8b465ee728b)  -> (artifact id: '06caac09ce9a0dd8770f93f09c74efa9') in 0.021156 seconds 
  Import took 0.026863 seconds .

========================================================================
Received Import Request.
  Time since last request: 0.000238 seconds.
  path: Assets/Musics/Vit贸ria.mp3
  artifactKey: Guid(20647d83a596cfc49977567091501aa5) Importer(815301076,1909f56bfc062723c751e8b465ee728b)
Start importing Assets/Musics/Vit贸ria.mp3 using Guid(20647d83a596cfc49977567091501aa5) Importer(815301076,1909f56bfc062723c751e8b465ee728b)  -> (artifact id: 'e81f5b07b3660ab81b7c8988b635faa2') in 0.021563 seconds 
  Import took 0.026417 seconds .

========================================================================
Received Import Request.
  Time since last request: 0.006244 seconds.
  path: Assets/Musics/Vit贸ria.mp3
  artifactKey: Guid(20647d83a596cfc49977567091501aa5) Importer(815301076,1909f56bfc062723c751e8b465ee728b)
Start importing Assets/Musics/Vit贸ria.mp3 using Guid(20647d83a596cfc49977567091501aa5) Importer(815301076,1909f56bfc062723c751e8b465ee728b)  -> (artifact id: 'e81f5b07b3660ab81b7c8988b635faa2') in 0.030071 seconds 
  Import took 0.037748 seconds .

========================================================================
Received Import Request.
  Time since last request: 6.259999 seconds.
  path: Assets/Resources/ScriptableObjectsCartas/Carta_1.asset
  artifactKey: Guid(c9ed986dd8efd984a99aebd569c5c659) Importer(815301076,1909f56bfc062723c751e8b465ee728b)
Start importing Assets/Resources/ScriptableObjectsCartas/Carta_1.asset using Guid(c9ed986dd8efd984a99aebd569c5c659) Importer(815301076,1909f56bfc062723c751e8b465ee728b)  -> (artifact id: '75745f7bccdae60ce9eb6360789dd55e') in 0.017955 seconds 
  Import took 0.022939 seconds .

========================================================================
Received Import Request.
  Time since last request: 0.000366 seconds.
  path: Assets/Resources/ScriptableObjectsCartas/Carta_4.asset
  artifactKey: Guid(a88264187208fef479f15f002aa69ecb) Importer(815301076,1909f56bfc062723c751e8b465ee728b)
Start importing Assets/Resources/ScriptableObjectsCartas/Carta_4.asset using Guid(a88264187208fef479f15f002aa69ecb) Importer(815301076,1909f56bfc062723c751e8b465ee728b)  -> (artifact id: 'e0699401076f8c2bcd97cd35797941da') in 0.008735 seconds 
  Import took 0.013399 seconds .

========================================================================
Received Import Request.
  Time since last request: 0.000415 seconds.
  path: Assets/Resources/ScriptableObjectsCartas/Carta_5.asset
  artifactKey: Guid(ba18d09d22106644d9e28137da665f5e) Importer(815301076,1909f56bfc062723c751e8b465ee728b)
Start importing Assets/Resources/ScriptableObjectsCartas/Carta_5.asset using Guid(ba18d09d22106644d9e28137da665f5e) Importer(815301076,1909f56bfc062723c751e8b465ee728b)  -> (artifact id: '7a652457fe6a8b5fba6c61c333ba6dd9') in 0.011560 seconds 
  Import took 0.017197 seconds .

========================================================================
Received Import Request.
  Time since last request: 0.000369 seconds.
  path: Assets/Resources/ScriptableObjectsCartas/Carta_6.asset
  artifactKey: Guid(4a7ff60429d51ea4fb97a5f931c05379) Importer(815301076,1909f56bfc062723c751e8b465ee728b)
Start importing Assets/Resources/ScriptableObjectsCartas/Carta_6.asset using Guid(4a7ff60429d51ea4fb97a5f931c05379) Importer(815301076,1909f56bfc062723c751e8b465ee728b)  -> (artifact id: 'f70ddd52693a32d44488486ae71f570c') in 0.010876 seconds 
  Import took 0.016219 seconds .

========================================================================
Received Import Request.
  Time since last request: 0.000335 seconds.
  path: Assets/Resources/ScriptableObjectsCartas/Carta_2.asset
  artifactKey: Guid(a9aa41fbe0a0e324a9f7f3cd59a3b20a) Importer(815301076,1909f56bfc062723c751e8b465ee728b)
Start importing Assets/Resources/ScriptableObjectsCartas/Carta_2.asset using Guid(a9aa41fbe0a0e324a9f7f3cd59a3b20a) Importer(815301076,1909f56bfc062723c751e8b465ee728b)  -> (artifact id: 'd5783642ae5400c76bc7929f8f04dcdd') in 0.010868 seconds 
  Import took 0.017201 seconds .

========================================================================
Received Import Request.
  Time since last request: 0.000339 seconds.
  path: Assets/Resources/ScriptableObjectsCartas/Carta_7.asset
  artifactKey: Guid(7d2d32786cc573a4783408a01dd426fd) Importer(815301076,1909f56bfc062723c751e8b465ee728b)
Start importing Assets/Resources/ScriptableObjectsCartas/Carta_7.asset using Guid(7d2d32786cc573a4783408a01dd426fd) Importer(815301076,1909f56bfc062723c751e8b465ee728b)  -> (artifact id: '71d5a7bf187e844acf41a74e2e9d6c83') in 0.012552 seconds 
  Import took 0.018966 seconds .

========================================================================
Received Import Request.
  Time since last request: 0.000365 seconds.
  path: Assets/Resources/ScriptableObjectsCartas/Carta_3.asset
  artifactKey: Guid(8a42d724afb5a444ba93a00a3702994e) Importer(815301076,1909f56bfc062723c751e8b465ee728b)
Start importing Assets/Resources/ScriptableObjectsCartas/Carta_3.asset using Guid(8a42d724afb5a444ba93a00a3702994e) Importer(815301076,1909f56bfc062723c751e8b465ee728b)  -> (artifact id: 'c0917d530fb670040bfce4d62b2770a6') in 0.012633 seconds 
  Import took 0.019446 seconds .

========================================================================
Received Import Request.
  Time since last request: 0.000355 seconds.
  path: Assets/Resources/ScriptableObjectsCartas/Carta_1.asset
  artifactKey: Guid(c9ed986dd8efd984a99aebd569c5c659) Importer(815301076,1909f56bfc062723c751e8b465ee728b)
Start importing Assets/Resources/ScriptableObjectsCartas/Carta_1.asset using Guid(c9ed986dd8efd984a99aebd569c5c659) Importer(815301076,1909f56bfc062723c751e8b465ee728b)  -> (artifact id: '75745f7bccdae60ce9eb6360789dd55e') in 0.006466 seconds 
  Import took 0.014236 seconds .

========================================================================
Received Import Request.
  Time since last request: 28.513493 seconds.
  path: Assets/Animations/Animations/NPC_1.controller
  artifactKey: Guid(fc8533e02a21a6e4fb1020bdba845643) Importer(815301076,1909f56bfc062723c751e8b465ee728b)
Start importing Assets/Animations/Animations/NPC_1.controller using Guid(fc8533e02a21a6e4fb1020bdba845643) Importer(815301076,1909f56bfc062723c751e8b465ee728b)  -> (artifact id: '5dc172e2fd5da412e6aca0f5cd5307fa') in 0.013065 seconds 
  Import took 0.017936 seconds .

========================================================================
Received Import Request.
  Time since last request: 0.002580 seconds.
  path: Assets/Animations/Animations/NPC_1.controller
  artifactKey: Guid(fc8533e02a21a6e4fb1020bdba845643) Importer(815301076,1909f56bfc062723c751e8b465ee728b)
Start importing Assets/Animations/Animations/NPC_1.controller using Guid(fc8533e02a21a6e4fb1020bdba845643) Importer(815301076,1909f56bfc062723c751e8b465ee728b)  -> (artifact id: '5dc172e2fd5da412e6aca0f5cd5307fa') in 0.004591 seconds 
  Import took 0.010865 seconds .

========================================================================
Received Import Request.
  Time since last request: 15.472855 seconds.
  path: Assets/Animations/Controllers/NPC_1.controller
  artifactKey: Guid(2e87a9415608b3d49968895b7eacc9c4) Importer(815301076,1909f56bfc062723c751e8b465ee728b)
Start importing Assets/Animations/Controllers/NPC_1.controller using Guid(2e87a9415608b3d49968895b7eacc9c4) Importer(815301076,1909f56bfc062723c751e8b465ee728b)  -> (artifact id: 'f05e179eba28c60ae98941bcdb4bab33') in 0.005670 seconds 
  Import took 0.010920 seconds .

========================================================================
Received Import Request.
  Time since last request: 13.053328 seconds.
  path: Assets/Animations/Controllers/NPC_2.controller
  artifactKey: Guid(0e5af283deb44744382510a409b0999a) Importer(815301076,1909f56bfc062723c751e8b465ee728b)
Start importing Assets/Animations/Controllers/NPC_2.controller using Guid(0e5af283deb44744382510a409b0999a) Importer(815301076,1909f56bfc062723c751e8b465ee728b)  -> (artifact id: 'df344dce65d2285a5da6a274e20408a7') in 0.009679 seconds 
  Import took 0.015806 seconds .

========================================================================
Received Import Request.
  Time since last request: 1.992125 seconds.
  path: Assets/Animations/Controllers/NPC_3.controller
  artifactKey: Guid(bccc9f2439421d64c9bf7d0e0cf3fd34) Importer(815301076,1909f56bfc062723c751e8b465ee728b)
Start importing Assets/Animations/Controllers/NPC_3.controller using Guid(bccc9f2439421d64c9bf7d0e0cf3fd34) Importer(815301076,1909f56bfc062723c751e8b465ee728b)  -> (artifact id: '36a65b72e26aa701c71a959f5d36d98c') in 0.010350 seconds 
  Import took 0.014878 seconds .

========================================================================
Received Import Request.
  Time since last request: 2.002698 seconds.
  path: Assets/Animations/Controllers/NPC_4.controller
  artifactKey: Guid(9a8a94437d4795d47a1ffbef2c0bb2da) Importer(815301076,1909f56bfc062723c751e8b465ee728b)
Start importing Assets/Animations/Controllers/NPC_4.controller using Guid(9a8a94437d4795d47a1ffbef2c0bb2da) Importer(815301076,1909f56bfc062723c751e8b465ee728b)  -> (artifact id: '12124a0c4d3396b84a2d0021390fea10') in 0.009957 seconds 
  Import took 0.015556 seconds .

========================================================================
Received Import Request.
  Time since last request: 20.971082 seconds.
  path: Assets/Animations/Animations/NPC_2.controller
  artifactKey: Guid(5295d947157b5d9409982604d4aa5103) Importer(815301076,1909f56bfc062723c751e8b465ee728b)
Start importing Assets/Animations/Animations/NPC_2.controller using Guid(5295d947157b5d9409982604d4aa5103) Importer(815301076,1909f56bfc062723c751e8b465ee728b)  -> (artifact id: 'c97d8cebe2ced502fdc3be8bee63e1fb') in 0.005053 seconds 
  Import took 0.010170 seconds .

========================================================================
Received Import Request.
  Time since last request: 6.883592 seconds.
  path: Assets/Animations/Animations/NPC_3.controller
  artifactKey: Guid(c2f672839e2f1df43b1d6951d5bbc9dd) Importer(815301076,1909f56bfc062723c751e8b465ee728b)
Start importing Assets/Animations/Animations/NPC_3.controller using Guid(c2f672839e2f1df43b1d6951d5bbc9dd) Importer(815301076,1909f56bfc062723c751e8b465ee728b)  -> (artifact id: 'c7c7835a01407cac1c6b9d4e70225ea3') in 0.004228 seconds 
  Import took 0.009018 seconds .

========================================================================
Received Import Request.
  Time since last request: 6.441137 seconds.
  path: Assets/Animations/Animations/NPC_4.controller
  artifactKey: Guid(64d3e2442d513d44da8342162ec158c8) Importer(815301076,1909f56bfc062723c751e8b465ee728b)
Start importing Assets/Animations/Animations/NPC_4.controller using Guid(64d3e2442d513d44da8342162ec158c8) Importer(815301076,1909f56bfc062723c751e8b465ee728b)  -> (artifact id: '2a6f64e2d8dec9c6c4bd7eb0f80e87fb') in 0.003848 seconds 
  Import took 0.008363 seconds .

========================================================================
Received Import Request.
  Time since last request: 43.426278 seconds.
  path: Assets/Scenes/JogoDaMemoria.unity
  artifactKey: Guid(2cda990e2423bbf4892e6590ba056729) Importer(815301076,1909f56bfc062723c751e8b465ee728b)
Start importing Assets/Scenes/JogoDaMemoria.unity using Guid(2cda990e2423bbf4892e6590ba056729) Importer(815301076,1909f56bfc062723c751e8b465ee728b)  -> (artifact id: '88ae45fdc7211fd9565ac16842721275') in 0.010448 seconds 
  Import took 0.015220 seconds .

========================================================================
Received Import Request.
  Time since last request: 103.683299 seconds.
  path: Assets/Scenes/JogoDaMemoria.unity
  artifactKey: Guid(2cda990e2423bbf4892e6590ba056729) Importer(815301076,1909f56bfc062723c751e8b465ee728b)
Start importing Assets/Scenes/JogoDaMemoria.unity using Guid(2cda990e2423bbf4892e6590ba056729) Importer(815301076,1909f56bfc062723c751e8b465ee728b)  -> (artifact id: 'f12b3703624ffe28f6dd47ce6ce8be3c') in 0.004683 seconds 
  Import took 0.009386 seconds .

========================================================================
Received Import Request.
  Time since last request: 2.400563 seconds.
  path: Assets/Scenes/PrincipalScene.unity
  artifactKey: Guid(46eaf28e8fbe42743ae9aaff58419f87) Importer(815301076,1909f56bfc062723c751e8b465ee728b)
Start importing Assets/Scenes/PrincipalScene.unity using Guid(46eaf28e8fbe42743ae9aaff58419f87) Importer(815301076,1909f56bfc062723c751e8b465ee728b)  -> (artifact id: '4e15ed56e483ec468c12c4b8cf84f17b') in 0.009820 seconds 
  Import took 0.015194 seconds .

========================================================================
Received Import Request.
  Time since last request: 0.001180 seconds.
  path: Assets/Scenes/PrincipalScene.unity
  artifactKey: Guid(46eaf28e8fbe42743ae9aaff58419f87) Importer(815301076,1909f56bfc062723c751e8b465ee728b)
Start importing Assets/Scenes/PrincipalScene.unity using Guid(46eaf28e8fbe42743ae9aaff58419f87) Importer(815301076,1909f56bfc062723c751e8b465ee728b)  -> (artifact id: '4e15ed56e483ec468c12c4b8cf84f17b') in 0.005176 seconds 
  Import took 0.010875 seconds .

========================================================================
Received Prepare
Registering precompiled user dll's ...
Registered in 0.003920 seconds.
Begin MonoManager ReloadAssembly
Native extension for Lumin target not found
Native extension for LinuxStandalone target not found
Native extension for WindowsStandalone target not found
Native extension for OSXStandalone target not found
Native extension for WebGL target not found
Refreshing native plugins compatible for Editor in 0.68 ms, found 3 plugins.
Preloading 0 native plugins for Editor in 0.00 ms.
Mono: successfully reloaded assembly
- Completed reload, in  1.176 seconds
Domain Reload Profiling:
	ReloadAssembly (1177ms)
		BeginReloadAssembly (123ms)
			ExecutionOrderSort (0ms)
			DisableScriptedObjects (6ms)
			BackupInstance (0ms)
			ReleaseScriptingObjects (0ms)
			CreateAndSetChildDomain (42ms)
		EndReloadAssembly (984ms)
			LoadAssemblies (104ms)
			RebuildTransferFunctionScriptingTraits (0ms)
			SetupTypeCache (361ms)
			ReleaseScriptCaches (1ms)
			RebuildScriptCaches (56ms)
			SetupLoadedEditorAssemblies (339ms)
				LogAssemblyErrors (0ms)
				InitializePlatformSupportModulesInManaged (10ms)
				SetLoadedEditorAssemblies (1ms)
				RefreshPlugins (1ms)
				BeforeProcessingInitializeOnLoad (78ms)
				ProcessInitializeOnLoadAttributes (236ms)
				ProcessInitializeOnLoadMethodAttributes (6ms)
				AfterProcessingInitializeOnLoad (8ms)
				EditorAssembliesLoaded (0ms)
			ExecutionOrderSort2 (0ms)
			AwakeInstancesAfterBackupRestoration (12ms)
Platform modules already initialized, skipping
Refreshing native plugins compatible for Editor in 0.56 ms, found 3 plugins.
Preloading 0 native plugins for Editor in 0.00 ms.
Unloading 2250 Unused Serialized files (Serialized files now loaded: 0)
System memory in use before: 102.4 MB.
System memory in use after: 102.6 MB.

Unloading 15 unused Assets to reduce memory usage. Loaded Objects now: 2758.
Total: 3.758900 ms (FindLiveObjects: 0.377700 ms CreateObjectMapping: 0.121700 ms MarkObjects: 3.238900 ms  DeleteObjects: 0.019300 ms)

AssetImportParameters requested are different than current active one (requested -> active):
  custom:framework-win-MediaFoundation: 216162199b28c13a410421893ffa2e32 -> 
  custom:video-decoder-ogg-theora: a1e56fd34408186e4bbccfd4996cb3dc -> 
  custom:container-muxer-webm: aa71ff27fc2769a1b78a27578f13a17b -> 
  custom:container-demuxer-webm: 4f35f7cbe854078d1ac9338744f61a02 -> 
  custom:container-demuxer-ogg: 62fdf1f143b41e24485cea50d1cbac27 -> 
  custom:video-encoder-webm-vp8: eb34c28f22e8b96e1ab97ce403110664 -> 
  custom:video-codec-MediaFoundation-h265: 746d11721c4dcdbdad8f713fa42b33f4 -> 
  custom:video-decoder-webm-vp8: 9c59270c3fd7afecdb556c50c9e8de78 -> 
  custom:audio-decoder-ogg-vorbis: bf7c407c2cedff20999df2af8eb42d56 -> 
  custom:audio-encoder-webm-vorbis: bf7c407c2cedff20999df2af8eb42d56 -> 
========================================================================
Received Import Request.
  Time since last request: 43.591319 seconds.
  path: Assets/Scenes/PulaPlataforma.unity
  artifactKey: Guid(50e723a08603af44ba08f020263d39a8) Importer(815301076,1909f56bfc062723c751e8b465ee728b)
Start importing Assets/Scenes/PulaPlataforma.unity using Guid(50e723a08603af44ba08f020263d39a8) Importer(815301076,1909f56bfc062723c751e8b465ee728b)  -> (artifact id: '6792dfa655464e4da3b8c5c19c270e73') in 0.023386 seconds 
  Import took 0.028940 seconds .

========================================================================
Received Prepare
Registering precompiled user dll's ...
Registered in 0.004233 seconds.
Begin MonoManager ReloadAssembly
Native extension for Lumin target not found
Native extension for LinuxStandalone target not found
Native extension for WindowsStandalone target not found
Native extension for OSXStandalone target not found
Native extension for WebGL target not found
Refreshing native plugins compatible for Editor in 0.62 ms, found 3 plugins.
Preloading 0 native plugins for Editor in 0.00 ms.
Mono: successfully reloaded assembly
- Completed reload, in  1.141 seconds
Domain Reload Profiling:
	ReloadAssembly (1142ms)
		BeginReloadAssembly (124ms)
			ExecutionOrderSort (0ms)
			DisableScriptedObjects (6ms)
			BackupInstance (0ms)
			ReleaseScriptingObjects (0ms)
			CreateAndSetChildDomain (41ms)
		EndReloadAssembly (951ms)
			LoadAssemblies (99ms)
			RebuildTransferFunctionScriptingTraits (0ms)
			SetupTypeCache (322ms)
			ReleaseScriptCaches (1ms)
			RebuildScriptCaches (55ms)
			SetupLoadedEditorAssemblies (337ms)
				LogAssemblyErrors (0ms)
				InitializePlatformSupportModulesInManaged (9ms)
				SetLoadedEditorAssemblies (1ms)
				RefreshPlugins (1ms)
				BeforeProcessingInitializeOnLoad (74ms)
				ProcessInitializeOnLoadAttributes (238ms)
				ProcessInitializeOnLoadMethodAttributes (6ms)
				AfterProcessingInitializeOnLoad (7ms)
				EditorAssembliesLoaded (0ms)
			ExecutionOrderSort2 (0ms)
			AwakeInstancesAfterBackupRestoration (11ms)
Platform modules already initialized, skipping
Refreshing native plugins compatible for Editor in 0.60 ms, found 3 plugins.
Preloading 0 native plugins for Editor in 0.00 ms.
Unloading 2250 Unused Serialized files (Serialized files now loaded: 0)
System memory in use before: 102.4 MB.
System memory in use after: 102.7 MB.

Unloading 15 unused Assets to reduce memory usage. Loaded Objects now: 2761.
Total: 3.780800 ms (FindLiveObjects: 0.263100 ms CreateObjectMapping: 0.105600 ms MarkObjects: 3.387500 ms  DeleteObjects: 0.023400 ms)

AssetImportParameters requested are different than current active one (requested -> active):
  custom:framework-win-MediaFoundation: 216162199b28c13a410421893ffa2e32 -> 
  custom:video-decoder-ogg-theora: a1e56fd34408186e4bbccfd4996cb3dc -> 
  custom:container-muxer-webm: aa71ff27fc2769a1b78a27578f13a17b -> 
  custom:container-demuxer-webm: 4f35f7cbe854078d1ac9338744f61a02 -> 
  custom:container-demuxer-ogg: 62fdf1f143b41e24485cea50d1cbac27 -> 
  custom:video-encoder-webm-vp8: eb34c28f22e8b96e1ab97ce403110664 -> 
  custom:video-codec-MediaFoundation-h265: 746d11721c4dcdbdad8f713fa42b33f4 -> 
  custom:video-decoder-webm-vp8: 9c59270c3fd7afecdb556c50c9e8de78 -> 
  custom:audio-decoder-ogg-vorbis: bf7c407c2cedff20999df2af8eb42d56 -> 
  custom:audio-encoder-webm-vorbis: bf7c407c2cedff20999df2af8eb42d56 -> 
========================================================================
Received Prepare
Registering precompiled user dll's ...
Registered in 0.003989 seconds.
Begin MonoManager ReloadAssembly
Native extension for Lumin target not found
Native extension for LinuxStandalone target not found
Native extension for WindowsStandalone target not found
Native extension for OSXStandalone target not found
Native extension for WebGL target not found
Refreshing native plugins compatible for Editor in 0.88 ms, found 3 plugins.
Preloading 0 native plugins for Editor in 0.00 ms.
Mono: successfully reloaded assembly
- Completed reload, in  1.132 seconds
Domain Reload Profiling:
	ReloadAssembly (1133ms)
		BeginReloadAssembly (135ms)
			ExecutionOrderSort (0ms)
			DisableScriptedObjects (6ms)
			BackupInstance (0ms)
			ReleaseScriptingObjects (0ms)
			CreateAndSetChildDomain (44ms)
		EndReloadAssembly (918ms)
			LoadAssemblies (110ms)
			RebuildTransferFunctionScriptingTraits (0ms)
			SetupTypeCache (319ms)
			ReleaseScriptCaches (1ms)
			RebuildScriptCaches (51ms)
			SetupLoadedEditorAssemblies (337ms)
				LogAssemblyErrors (0ms)
				InitializePlatformSupportModulesInManaged (9ms)
				SetLoadedEditorAssemblies (0ms)
				RefreshPlugins (1ms)
				BeforeProcessingInitializeOnLoad (76ms)
				ProcessInitializeOnLoadAttributes (236ms)
				ProcessInitializeOnLoadMethodAttributes (6ms)
				AfterProcessingInitializeOnLoad (8ms)
				EditorAssembliesLoaded (0ms)
			ExecutionOrderSort2 (0ms)
			AwakeInstancesAfterBackupRestoration (11ms)
Platform modules already initialized, skipping
Refreshing native plugins compatible for Editor in 1.82 ms, found 3 plugins.
Preloading 0 native plugins for Editor in 0.00 ms.
Unloading 2250 Unused Serialized files (Serialized files now loaded: 0)
System memory in use before: 102.5 MB.
System memory in use after: 102.7 MB.

Unloading 15 unused Assets to reduce memory usage. Loaded Objects now: 2764.
Total: 4.346800 ms (FindLiveObjects: 0.314400 ms CreateObjectMapping: 0.135800 ms MarkObjects: 3.871800 ms  DeleteObjects: 0.023200 ms)

AssetImportParameters requested are different than current active one (requested -> active):
  custom:framework-win-MediaFoundation: 216162199b28c13a410421893ffa2e32 -> 
  custom:video-decoder-ogg-theora: a1e56fd34408186e4bbccfd4996cb3dc -> 
  custom:container-muxer-webm: aa71ff27fc2769a1b78a27578f13a17b -> 
  custom:container-demuxer-webm: 4f35f7cbe854078d1ac9338744f61a02 -> 
  custom:container-demuxer-ogg: 62fdf1f143b41e24485cea50d1cbac27 -> 
  custom:video-encoder-webm-vp8: eb34c28f22e8b96e1ab97ce403110664 -> 
  custom:video-codec-MediaFoundation-h265: 746d11721c4dcdbdad8f713fa42b33f4 -> 
  custom:video-decoder-webm-vp8: 9c59270c3fd7afecdb556c50c9e8de78 -> 
  custom:audio-decoder-ogg-vorbis: bf7c407c2cedff20999df2af8eb42d56 -> 
  custom:audio-encoder-webm-vorbis: bf7c407c2cedff20999df2af8eb42d56 -> 
========================================================================
Received Prepare
Registering precompiled user dll's ...
Registered in 0.003756 seconds.
Begin MonoManager ReloadAssembly
Native extension for Lumin target not found
Native extension for LinuxStandalone target not found
Native extension for WindowsStandalone target not found
Native extension for OSXStandalone target not found
Native extension for WebGL target not found
Refreshing native plugins compatible for Editor in 0.58 ms, found 3 plugins.
Preloading 0 native plugins for Editor in 0.00 ms.
Mono: successfully reloaded assembly
- Completed reload, in  1.200 seconds
Domain Reload Profiling:
	ReloadAssembly (1201ms)
		BeginReloadAssembly (135ms)
			ExecutionOrderSort (0ms)
			DisableScriptedObjects (6ms)
			BackupInstance (0ms)
			ReleaseScriptingObjects (0ms)
			CreateAndSetChildDomain (45ms)
		EndReloadAssembly (995ms)
			LoadAssemblies (102ms)
			RebuildTransferFunctionScriptingTraits (0ms)
			SetupTypeCache (337ms)
			ReleaseScriptCaches (1ms)
			RebuildScriptCaches (55ms)
			SetupLoadedEditorAssemblies (354ms)
				LogAssemblyErrors (0ms)
				InitializePlatformSupportModulesInManaged (10ms)
				SetLoadedEditorAssemblies (0ms)
				RefreshPlugins (1ms)
				BeforeProcessingInitializeOnLoad (82ms)
				ProcessInitializeOnLoadAttributes (247ms)
				ProcessInitializeOnLoadMethodAttributes (6ms)
				AfterProcessingInitializeOnLoad (8ms)
				EditorAssembliesLoaded (0ms)
			ExecutionOrderSort2 (0ms)
			AwakeInstancesAfterBackupRestoration (13ms)
Platform modules already initialized, skipping
Refreshing native plugins compatible for Editor in 0.65 ms, found 3 plugins.
Preloading 0 native plugins for Editor in 0.00 ms.
Unloading 2250 Unused Serialized files (Serialized files now loaded: 0)
System memory in use before: 102.5 MB.
System memory in use after: 102.7 MB.

Unloading 15 unused Assets to reduce memory usage. Loaded Objects now: 2767.
Total: 6.141800 ms (FindLiveObjects: 0.425200 ms CreateObjectMapping: 0.255800 ms MarkObjects: 5.424300 ms  DeleteObjects: 0.034300 ms)

AssetImportParameters requested are different than current active one (requested -> active):
  custom:framework-win-MediaFoundation: 216162199b28c13a410421893ffa2e32 -> 
  custom:video-decoder-ogg-theora: a1e56fd34408186e4bbccfd4996cb3dc -> 
  custom:container-muxer-webm: aa71ff27fc2769a1b78a27578f13a17b -> 
  custom:container-demuxer-webm: 4f35f7cbe854078d1ac9338744f61a02 -> 
  custom:container-demuxer-ogg: 62fdf1f143b41e24485cea50d1cbac27 -> 
  custom:video-encoder-webm-vp8: eb34c28f22e8b96e1ab97ce403110664 -> 
  custom:video-codec-MediaFoundation-h265: 746d11721c4dcdbdad8f713fa42b33f4 -> 
  custom:video-decoder-webm-vp8: 9c59270c3fd7afecdb556c50c9e8de78 -> 
  custom:audio-decoder-ogg-vorbis: bf7c407c2cedff20999df2af8eb42d56 -> 
  custom:audio-encoder-webm-vorbis: bf7c407c2cedff20999df2af8eb42d56 -> 
========================================================================
Received Prepare
Registering precompiled user dll's ...
Registered in 0.006470 seconds.
Begin MonoManager ReloadAssembly
Native extension for Lumin target not found
Native extension for LinuxStandalone target not found
Native extension for WindowsStandalone target not found
Native extension for OSXStandalone target not found
Native extension for WebGL target not found
Refreshing native plugins compatible for Editor in 0.64 ms, found 3 plugins.
Preloading 0 native plugins for Editor in 0.00 ms.
Mono: successfully reloaded assembly
- Completed reload, in  1.267 seconds
Domain Reload Profiling:
	ReloadAssembly (1267ms)
		BeginReloadAssembly (147ms)
			ExecutionOrderSort (0ms)
			DisableScriptedObjects (7ms)
			BackupInstance (0ms)
			ReleaseScriptingObjects (0ms)
			CreateAndSetChildDomain (47ms)
		EndReloadAssembly (1043ms)
			LoadAssemblies (120ms)
			RebuildTransferFunctionScriptingTraits (0ms)
			SetupTypeCache (341ms)
			ReleaseScriptCaches (1ms)
			RebuildScriptCaches (66ms)
			SetupLoadedEditorAssemblies (376ms)
				LogAssemblyErrors (0ms)
				InitializePlatformSupportModulesInManaged (12ms)
				SetLoadedEditorAssemblies (1ms)
				RefreshPlugins (1ms)
				BeforeProcessingInitializeOnLoad (80ms)
				ProcessInitializeOnLoadAttributes (266ms)
				ProcessInitializeOnLoadMethodAttributes (7ms)
				AfterProcessingInitializeOnLoad (9ms)
				EditorAssembliesLoaded (0ms)
			ExecutionOrderSort2 (0ms)
			AwakeInstancesAfterBackupRestoration (16ms)
Platform modules already initialized, skipping
Refreshing native plugins compatible for Editor in 0.65 ms, found 3 plugins.
Preloading 0 native plugins for Editor in 0.00 ms.
Unloading 2250 Unused Serialized files (Serialized files now loaded: 0)
System memory in use before: 102.4 MB.
System memory in use after: 102.6 MB.

Unloading 15 unused Assets to reduce memory usage. Loaded Objects now: 2770.
Total: 4.018600 ms (FindLiveObjects: 0.325400 ms CreateObjectMapping: 0.132500 ms MarkObjects: 3.532800 ms  DeleteObjects: 0.025900 ms)

AssetImportParameters requested are different than current active one (requested -> active):
  custom:framework-win-MediaFoundation: 216162199b28c13a410421893ffa2e32 -> 
  custom:video-decoder-ogg-theora: a1e56fd34408186e4bbccfd4996cb3dc -> 
  custom:container-muxer-webm: aa71ff27fc2769a1b78a27578f13a17b -> 
  custom:container-demuxer-webm: 4f35f7cbe854078d1ac9338744f61a02 -> 
  custom:container-demuxer-ogg: 62fdf1f143b41e24485cea50d1cbac27 -> 
  custom:video-encoder-webm-vp8: eb34c28f22e8b96e1ab97ce403110664 -> 
  custom:video-codec-MediaFoundation-h265: 746d11721c4dcdbdad8f713fa42b33f4 -> 
  custom:video-decoder-webm-vp8: 9c59270c3fd7afecdb556c50c9e8de78 -> 
  custom:audio-decoder-ogg-vorbis: bf7c407c2cedff20999df2af8eb42d56 -> 
  custom:audio-encoder-webm-vorbis: bf7c407c2cedff20999df2af8eb42d56 -> 
========================================================================
Received Import Request.
  Time since last request: 575.866662 seconds.
  path: Assets/Scenes/Derrota.unity
  artifactKey: Guid(3a1e8ae2f48fa0e4fa103136b2bf2ea4) Importer(815301076,1909f56bfc062723c751e8b465ee728b)
Start importing Assets/Scenes/Derrota.unity using Guid(3a1e8ae2f48fa0e4fa103136b2bf2ea4) Importer(815301076,1909f56bfc062723c751e8b465ee728b)  -> (artifact id: '045ec5a3e7ace2323a35f909fb11c9c3') in 0.032949 seconds 
  Import took 0.037989 seconds .

========================================================================
Received Import Request.
  Time since last request: 0.780882 seconds.
  path: Assets/Scenes/Snake.unity
  artifactKey: Guid(d81776d95f8bd4d44bd2ccc4339aab9e) Importer(815301076,1909f56bfc062723c751e8b465ee728b)
Start importing Assets/Scenes/Snake.unity using Guid(d81776d95f8bd4d44bd2ccc4339aab9e) Importer(815301076,1909f56bfc062723c751e8b465ee728b)  -> (artifact id: '531ad3be3b0cb468dc1f98af2a760397') in 0.011045 seconds 
  Import took 0.018178 seconds .

========================================================================
Received Import Request.
  Time since last request: 0.819353 seconds.
  path: Assets/Scenes/Vitoria.unity
  artifactKey: Guid(ba58311df0f68f04a9000ec4ac32e0a0) Importer(815301076,1909f56bfc062723c751e8b465ee728b)
Start importing Assets/Scenes/Vitoria.unity using Guid(ba58311df0f68f04a9000ec4ac32e0a0) Importer(815301076,1909f56bfc062723c751e8b465ee728b)  -> (artifact id: 'c95a7cb483b0b57258a0ea629ac97206') in 0.011873 seconds 
  Import took 0.019708 seconds .

========================================================================
Received Import Request.
  Time since last request: 0.002405 seconds.
  path: Assets/Scenes/Vitoria.unity
  artifactKey: Guid(ba58311df0f68f04a9000ec4ac32e0a0) Importer(815301076,1909f56bfc062723c751e8b465ee728b)
Start importing Assets/Scenes/Vitoria.unity using Guid(ba58311df0f68f04a9000ec4ac32e0a0) Importer(815301076,1909f56bfc062723c751e8b465ee728b)  -> (artifact id: 'c95a7cb483b0b57258a0ea629ac97206') in 0.004128 seconds 
  Import took 0.009908 seconds .

========================================================================
Received Import Request.
  Time since last request: 0.522225 seconds.
  path: Assets/Scenes/PulaPlataforma.unity
  artifactKey: Guid(50e723a08603af44ba08f020263d39a8) Importer(815301076,1909f56bfc062723c751e8b465ee728b)
Start importing Assets/Scenes/PulaPlataforma.unity using Guid(50e723a08603af44ba08f020263d39a8) Importer(815301076,1909f56bfc062723c751e8b465ee728b)  -> (artifact id: '9cad7bbcb3a8526e02088e9766985e98') in 0.004837 seconds 
  Import took 0.009407 seconds .

========================================================================
Received Import Request.
  Time since last request: 1.263597 seconds.
  path: Assets/Scenes/Intro.unity
  artifactKey: Guid(2af6c14510e1d0341930feed35e85465) Importer(815301076,1909f56bfc062723c751e8b465ee728b)
Start importing Assets/Scenes/Intro.unity using Guid(2af6c14510e1d0341930feed35e85465) Importer(815301076,1909f56bfc062723c751e8b465ee728b)  -> (artifact id: '459d5a5aec0254e523101df20820b06d') in 0.016429 seconds 
  Import took 0.023400 seconds .

========================================================================
Received Import Request.
  Time since last request: 0.652955 seconds.
  path: Assets/Scenes/FruitMiniGame.unity
  artifactKey: Guid(1cac291b6427e594592d59d664e5a1a9) Importer(815301076,1909f56bfc062723c751e8b465ee728b)
Start importing Assets/Scenes/FruitMiniGame.unity using Guid(1cac291b6427e594592d59d664e5a1a9) Importer(815301076,1909f56bfc062723c751e8b465ee728b)  -> (artifact id: 'f054efdbb42c1385150c6389e5888ce6') in 0.014060 seconds 
  Import took 0.018823 seconds .

========================================================================
Received Prepare
Registering precompiled user dll's ...
Registered in 0.006620 seconds.
Begin MonoManager ReloadAssembly
Native extension for Lumin target not found
Native extension for LinuxStandalone target not found
Native extension for WindowsStandalone target not found
Native extension for OSXStandalone target not found
Native extension for WebGL target not found
Refreshing native plugins compatible for Editor in 0.89 ms, found 3 plugins.
Preloading 0 native plugins for Editor in 0.00 ms.
Mono: successfully reloaded assembly
- Completed reload, in  1.996 seconds
Domain Reload Profiling:
	ReloadAssembly (1996ms)
		BeginReloadAssembly (211ms)
			ExecutionOrderSort (0ms)
			DisableScriptedObjects (10ms)
			BackupInstance (0ms)
			ReleaseScriptingObjects (0ms)
			CreateAndSetChildDomain (69ms)
		EndReloadAssembly (1658ms)
			LoadAssemblies (181ms)
			RebuildTransferFunctionScriptingTraits (0ms)
			SetupTypeCache (569ms)
			ReleaseScriptCaches (1ms)
			RebuildScriptCaches (92ms)
			SetupLoadedEditorAssemblies (590ms)
				LogAssemblyErrors (0ms)
				InitializePlatformSupportModulesInManaged (16ms)
				SetLoadedEditorAssemblies (1ms)
				RefreshPlugins (1ms)
				BeforeProcessingInitializeOnLoad (120ms)
				ProcessInitializeOnLoadAttributes (422ms)
				ProcessInitializeOnLoadMethodAttributes (9ms)
				AfterProcessingInitializeOnLoad (21ms)
				EditorAssembliesLoaded (0ms)
			ExecutionOrderSort2 (0ms)
			AwakeInstancesAfterBackupRestoration (21ms)
Platform modules already initialized, skipping
Refreshing native plugins compatible for Editor in 0.87 ms, found 3 plugins.
Preloading 0 native plugins for Editor in 0.00 ms.
Unloading 2250 Unused Serialized files (Serialized files now loaded: 0)
System memory in use before: 102.5 MB.
System memory in use after: 102.8 MB.

Unloading 15 unused Assets to reduce memory usage. Loaded Objects now: 2773.
Total: 5.656000 ms (FindLiveObjects: 0.454100 ms CreateObjectMapping: 0.227900 ms MarkObjects: 4.938400 ms  DeleteObjects: 0.033500 ms)

AssetImportParameters requested are different than current active one (requested -> active):
  custom:framework-win-MediaFoundation: 216162199b28c13a410421893ffa2e32 -> 
  custom:video-decoder-ogg-theora: a1e56fd34408186e4bbccfd4996cb3dc -> 
  custom:container-muxer-webm: aa71ff27fc2769a1b78a27578f13a17b -> 
  custom:container-demuxer-webm: 4f35f7cbe854078d1ac9338744f61a02 -> 
  custom:container-demuxer-ogg: 62fdf1f143b41e24485cea50d1cbac27 -> 
  custom:video-encoder-webm-vp8: eb34c28f22e8b96e1ab97ce403110664 -> 
  custom:video-codec-MediaFoundation-h265: 746d11721c4dcdbdad8f713fa42b33f4 -> 
  custom:video-decoder-webm-vp8: 9c59270c3fd7afecdb556c50c9e8de78 -> 
  custom:audio-decoder-ogg-vorbis: bf7c407c2cedff20999df2af8eb42d56 -> 
  custom:audio-encoder-webm-vorbis: bf7c407c2cedff20999df2af8eb42d56 -> 
========================================================================
Received Prepare
Registering precompiled user dll's ...
Registered in 0.004773 seconds.
Begin MonoManager ReloadAssembly
Native extension for Lumin target not found
Native extension for LinuxStandalone target not found
Native extension for WindowsStandalone target not found
Native extension for OSXStandalone target not found
Native extension for WebGL target not found
Refreshing native plugins compatible for Editor in 0.95 ms, found 3 plugins.
Preloading 0 native plugins for Editor in 0.00 ms.
Mono: successfully reloaded assembly
- Completed reload, in  1.384 seconds
Domain Reload Profiling:
	ReloadAssembly (1385ms)
		BeginReloadAssembly (154ms)
			ExecutionOrderSort (0ms)
			DisableScriptedObjects (7ms)
			BackupInstance (0ms)
			ReleaseScriptingObjects (0ms)
			CreateAndSetChildDomain (44ms)
		EndReloadAssembly (1153ms)
			LoadAssemblies (128ms)
			RebuildTransferFunctionScriptingTraits (0ms)
			SetupTypeCache (397ms)
			ReleaseScriptCaches (1ms)
			RebuildScriptCaches (61ms)
			SetupLoadedEditorAssemblies (425ms)
				LogAssemblyErrors (0ms)
				InitializePlatformSupportModulesInManaged (12ms)
				SetLoadedEditorAssemblies (1ms)
				RefreshPlugins (1ms)
				BeforeProcessingInitializeOnLoad (96ms)
				ProcessInitializeOnLoadAttributes (293ms)
				ProcessInitializeOnLoadMethodAttributes (10ms)
				AfterProcessingInitializeOnLoad (12ms)
				EditorAssembliesLoaded (0ms)
			ExecutionOrderSort2 (0ms)
			AwakeInstancesAfterBackupRestoration (13ms)
Platform modules already initialized, skipping
Refreshing native plugins compatible for Editor in 0.66 ms, found 3 plugins.
Preloading 0 native plugins for Editor in 0.00 ms.
Unloading 2250 Unused Serialized files (Serialized files now loaded: 0)
System memory in use before: 102.6 MB.
System memory in use after: 102.8 MB.

Unloading 15 unused Assets to reduce memory usage. Loaded Objects now: 2776.
Total: 4.547500 ms (FindLiveObjects: 0.363600 ms CreateObjectMapping: 0.123500 ms MarkObjects: 4.026400 ms  DeleteObjects: 0.032400 ms)

AssetImportParameters requested are different than current active one (requested -> active):
  custom:framework-win-MediaFoundation: 216162199b28c13a410421893ffa2e32 -> 
  custom:video-decoder-ogg-theora: a1e56fd34408186e4bbccfd4996cb3dc -> 
  custom:container-muxer-webm: aa71ff27fc2769a1b78a27578f13a17b -> 
  custom:container-demuxer-webm: 4f35f7cbe854078d1ac9338744f61a02 -> 
  custom:container-demuxer-ogg: 62fdf1f143b41e24485cea50d1cbac27 -> 
  custom:video-encoder-webm-vp8: eb34c28f22e8b96e1ab97ce403110664 -> 
  custom:video-codec-MediaFoundation-h265: 746d11721c4dcdbdad8f713fa42b33f4 -> 
  custom:video-decoder-webm-vp8: 9c59270c3fd7afecdb556c50c9e8de78 -> 
  custom:audio-decoder-ogg-vorbis: bf7c407c2cedff20999df2af8eb42d56 -> 
  custom:audio-encoder-webm-vorbis: bf7c407c2cedff20999df2af8eb42d56 -> 
========================================================================
Received Prepare
Registering precompiled user dll's ...
Registered in 0.004312 seconds.
Begin MonoManager ReloadAssembly
Native extension for Lumin target not found
Native extension for LinuxStandalone target not found
Native extension for WindowsStandalone target not found
Native extension for OSXStandalone target not found
Native extension for WebGL target not found
Refreshing native plugins compatible for Editor in 0.68 ms, found 3 plugins.
Preloading 0 native plugins for Editor in 0.00 ms.
Mono: successfully reloaded assembly
- Completed reload, in  1.359 seconds
Domain Reload Profiling:
	ReloadAssembly (1360ms)
		BeginReloadAssembly (149ms)
			ExecutionOrderSort (0ms)
			DisableScriptedObjects (7ms)
			BackupInstance (0ms)
			ReleaseScriptingObjects (0ms)
			CreateAndSetChildDomain (52ms)
		EndReloadAssembly (1136ms)
			LoadAssemblies (120ms)
			RebuildTransferFunctionScriptingTraits (0ms)
			SetupTypeCache (381ms)
			ReleaseScriptCaches (1ms)
			RebuildScriptCaches (61ms)
			SetupLoadedEditorAssemblies (424ms)
				LogAssemblyErrors (0ms)
				InitializePlatformSupportModulesInManaged (12ms)
				SetLoadedEditorAssemblies (1ms)
				RefreshPlugins (1ms)
				BeforeProcessingInitializeOnLoad (97ms)
				ProcessInitializeOnLoadAttributes (298ms)
				ProcessInitializeOnLoadMethodAttributes (6ms)
				AfterProcessingInitializeOnLoad (9ms)
				EditorAssembliesLoaded (0ms)
			ExecutionOrderSort2 (0ms)
			AwakeInstancesAfterBackupRestoration (12ms)
Platform modules already initialized, skipping
Refreshing native plugins compatible for Editor in 0.61 ms, found 3 plugins.
Preloading 0 native plugins for Editor in 0.00 ms.
Unloading 2250 Unused Serialized files (Serialized files now loaded: 0)
System memory in use before: 102.6 MB.
System memory in use after: 102.8 MB.

Unloading 15 unused Assets to reduce memory usage. Loaded Objects now: 2779.
Total: 3.947000 ms (FindLiveObjects: 0.280800 ms CreateObjectMapping: 0.103000 ms MarkObjects: 3.538000 ms  DeleteObjects: 0.023800 ms)

AssetImportParameters requested are different than current active one (requested -> active):
  custom:framework-win-MediaFoundation: 216162199b28c13a410421893ffa2e32 -> 
  custom:video-decoder-ogg-theora: a1e56fd34408186e4bbccfd4996cb3dc -> 
  custom:container-muxer-webm: aa71ff27fc2769a1b78a27578f13a17b -> 
  custom:container-demuxer-webm: 4f35f7cbe854078d1ac9338744f61a02 -> 
  custom:container-demuxer-ogg: 62fdf1f143b41e24485cea50d1cbac27 -> 
  custom:video-encoder-webm-vp8: eb34c28f22e8b96e1ab97ce403110664 -> 
  custom:video-codec-MediaFoundation-h265: 746d11721c4dcdbdad8f713fa42b33f4 -> 
  custom:video-decoder-webm-vp8: 9c59270c3fd7afecdb556c50c9e8de78 -> 
  custom:audio-decoder-ogg-vorbis: bf7c407c2cedff20999df2af8eb42d56 -> 
  custom:audio-encoder-webm-vorbis: bf7c407c2cedff20999df2af8eb42d56 -> 
========================================================================
Received Prepare
Registering precompiled user dll's ...
Registered in 0.004109 seconds.
Begin MonoManager ReloadAssembly
Native extension for Lumin target not found
Native extension for LinuxStandalone target not found
Native extension for WindowsStandalone target not found
Native extension for OSXStandalone target not found
Native extension for WebGL target not found
Refreshing native plugins compatible for Editor in 0.85 ms, found 3 plugins.
Preloading 0 native plugins for Editor in 0.00 ms.
Mono: successfully reloaded assembly
- Completed reload, in  1.224 seconds
Domain Reload Profiling:
	ReloadAssembly (1225ms)
		BeginReloadAssembly (143ms)
			ExecutionOrderSort (0ms)
			DisableScriptedObjects (8ms)
			BackupInstance (0ms)
			ReleaseScriptingObjects (0ms)
			CreateAndSetChildDomain (44ms)
		EndReloadAssembly (1005ms)
			LoadAssemblies (114ms)
			RebuildTransferFunctionScriptingTraits (0ms)
			SetupTypeCache (345ms)
			ReleaseScriptCaches (1ms)
			RebuildScriptCaches (51ms)
			SetupLoadedEditorAssemblies (381ms)
				LogAssemblyErrors (0ms)
				InitializePlatformSupportModulesInManaged (12ms)
				SetLoadedEditorAssemblies (1ms)
				RefreshPlugins (1ms)
				BeforeProcessingInitializeOnLoad (87ms)
				ProcessInitializeOnLoadAttributes (266ms)
				ProcessInitializeOnLoadMethodAttributes (6ms)
				AfterProcessingInitializeOnLoad (8ms)
				EditorAssembliesLoaded (0ms)
			ExecutionOrderSort2 (0ms)
			AwakeInstancesAfterBackupRestoration (11ms)
Platform modules already initialized, skipping
Refreshing native plugins compatible for Editor in 0.62 ms, found 3 plugins.
Preloading 0 native plugins for Editor in 0.00 ms.
Unloading 2250 Unused Serialized files (Serialized files now loaded: 0)
System memory in use before: 102.6 MB.
System memory in use after: 102.8 MB.

Unloading 15 unused Assets to reduce memory usage. Loaded Objects now: 2782.
Total: 4.097600 ms (FindLiveObjects: 0.281200 ms CreateObjectMapping: 0.108400 ms MarkObjects: 3.685700 ms  DeleteObjects: 0.021200 ms)

AssetImportParameters requested are different than current active one (requested -> active):
  custom:framework-win-MediaFoundation: 216162199b28c13a410421893ffa2e32 -> 
  custom:video-decoder-ogg-theora: a1e56fd34408186e4bbccfd4996cb3dc -> 
  custom:container-muxer-webm: aa71ff27fc2769a1b78a27578f13a17b -> 
  custom:container-demuxer-webm: 4f35f7cbe854078d1ac9338744f61a02 -> 
  custom:container-demuxer-ogg: 62fdf1f143b41e24485cea50d1cbac27 -> 
  custom:video-encoder-webm-vp8: eb34c28f22e8b96e1ab97ce403110664 -> 
  custom:video-codec-MediaFoundation-h265: 746d11721c4dcdbdad8f713fa42b33f4 -> 
  custom:video-decoder-webm-vp8: 9c59270c3fd7afecdb556c50c9e8de78 -> 
  custom:audio-decoder-ogg-vorbis: bf7c407c2cedff20999df2af8eb42d56 -> 
  custom:audio-encoder-webm-vorbis: bf7c407c2cedff20999df2af8eb42d56 -> 
AssetImportWorkerClient::OnTransportError - code=2 error=End of file
